<?xml version="1.0" encoding="UTF-8"?>
<testng-results skipped="0" failed="0" total="1" passed="1">
  <reporter-output>
  </reporter-output>
  <suite name="Default suite" duration-ms="222886" started-at="2014-09-23T04:09:12Z" finished-at="2014-09-23T04:12:55Z">
    <groups>
    </groups>
    <test name="Default test" duration-ms="222886" started-at="2014-09-23T04:09:12Z" finished-at="2014-09-23T04:12:55Z">
      <class name="com.testng.NewTest">
        <test-method status="PASS" signature="f()[pri:0, instance:com.testng.NewTest@2b20bf2c]" name="f" duration-ms="222868" started-at="2014-09-23T12:09:12Z" finished-at="2014-09-23T12:12:55Z">
          <reporter-output>
          </reporter-output>
        </test-method> <!-- f -->
      </class> <!-- com.testng.NewTest -->
    </test> <!-- Default test -->
  </suite> <!-- Default suite -->
</testng-results>
